<?xml version="1.0" encoding="UTF-8"?>
<testng-results ignored="0" total="10" passed="10" failed="0" skipped="0">
  <reporter-output>
  </reporter-output>
  <suite started-at="2024-04-30T16:19:33 IST" name="Suite" finished-at="2024-04-30T16:21:08 IST" duration-ms="94535">
    <groups>
    </groups>
    <test started-at="2024-04-30T16:19:33 IST" name="TestonChrome" finished-at="2024-04-30T16:21:05 IST" duration-ms="92032">
      <class name="testCases.TestBeCognizant">
        <test-method is-config="true" signature="setUp(java.lang.String,java.lang.String)[pri:0, instance:testCases.TestBeCognizant@74e52ef6]" started-at="2024-04-30T16:19:34 IST" name="setUp" finished-at="2024-04-30T16:19:45 IST" duration-ms="11024" status="PASS">
          <params>
            <param index="0">
              <value>
                <![CDATA[chrome]]>
              </value>
            </param>
            <param index="1">
              <value>
                <![CDATA[https://be.cognizant.com]]>
              </value>
            </param>
          </params>
          <reporter-output>
          </reporter-output>
        </test-method> <!-- setUp -->
        <test-method signature="testUser()[pri:1, instance:testCases.TestBeCognizant@74e52ef6]" started-at="2024-04-30T16:19:45 IST" name="testUser" finished-at="2024-04-30T16:19:51 IST" duration-ms="6296" status="PASS">
          <reporter-output>
          </reporter-output>
        </test-method> <!-- testUser -->
        <test-method signature="testUserDetails()[pri:2, instance:testCases.TestBeCognizant@74e52ef6]" started-at="2024-04-30T16:19:51 IST" name="testUserDetails" finished-at="2024-04-30T16:19:56 IST" depends-on-methods="testCases.TestBeCognizant.testUser" duration-ms="5434" status="PASS">
          <reporter-output>
          </reporter-output>
        </test-method> <!-- testUserDetails -->
        <test-method signature="AroundCognizant()[pri:3, instance:testCases.TestBeCognizant@74e52ef6]" started-at="2024-04-30T16:19:56 IST" name="AroundCognizant" finished-at="2024-04-30T16:19:59 IST" depends-on-methods="testCases.TestBeCognizant.testUserDetails" duration-ms="2902" status="PASS">
          <reporter-output>
          </reporter-output>
        </test-method> <!-- AroundCognizant -->
        <test-method signature="seeAllNaviagtion()[pri:4, instance:testCases.TestBeCognizant@74e52ef6]" started-at="2024-04-30T16:19:59 IST" name="seeAllNaviagtion" finished-at="2024-04-30T16:20:02 IST" duration-ms="2417" status="PASS">
          <reporter-output>
          </reporter-output>
        </test-method> <!-- seeAllNaviagtion -->
        <test-method signature="seeAllNewsHeader()[pri:5, instance:testCases.TestBeCognizant@74e52ef6]" started-at="2024-04-30T16:20:02 IST" name="seeAllNewsHeader" finished-at="2024-04-30T16:20:54 IST" duration-ms="52582" status="PASS">
          <reporter-output>
          </reporter-output>
        </test-method> <!-- seeAllNewsHeader -->
        <test-method is-config="true" signature="tearDown()[pri:0, instance:testCases.TestBeCognizant@74e52ef6]" started-at="2024-04-30T16:20:54 IST" name="tearDown" finished-at="2024-04-30T16:21:05 IST" duration-ms="11124" status="PASS">
          <reporter-output>
          </reporter-output>
        </test-method> <!-- tearDown -->
      </class> <!-- testCases.TestBeCognizant -->
    </test> <!-- TestonChrome -->
    <test started-at="2024-04-30T16:19:33 IST" name="TestonEdge" finished-at="2024-04-30T16:21:08 IST" duration-ms="94535">
      <class name="testCases.TestBeCognizant">
        <test-method is-config="true" signature="setUp(java.lang.String,java.lang.String)[pri:0, instance:testCases.TestBeCognizant@65d09a04]" started-at="2024-04-30T16:19:34 IST" name="setUp" finished-at="2024-04-30T16:19:46 IST" duration-ms="12141" status="PASS">
          <params>
            <param index="0">
              <value>
                <![CDATA[edge]]>
              </value>
            </param>
            <param index="1">
              <value>
                <![CDATA[https://be.cognizant.com]]>
              </value>
            </param>
          </params>
          <reporter-output>
          </reporter-output>
        </test-method> <!-- setUp -->
        <test-method signature="testUser()[pri:1, instance:testCases.TestBeCognizant@65d09a04]" started-at="2024-04-30T16:19:46 IST" name="testUser" finished-at="2024-04-30T16:19:52 IST" duration-ms="6814" status="PASS">
          <reporter-output>
          </reporter-output>
        </test-method> <!-- testUser -->
        <test-method signature="testUserDetails()[pri:2, instance:testCases.TestBeCognizant@65d09a04]" started-at="2024-04-30T16:19:52 IST" name="testUserDetails" finished-at="2024-04-30T16:19:58 IST" depends-on-methods="testCases.TestBeCognizant.testUser" duration-ms="5442" status="PASS">
          <reporter-output>
          </reporter-output>
        </test-method> <!-- testUserDetails -->
        <test-method signature="AroundCognizant()[pri:3, instance:testCases.TestBeCognizant@65d09a04]" started-at="2024-04-30T16:19:58 IST" name="AroundCognizant" finished-at="2024-04-30T16:20:01 IST" depends-on-methods="testCases.TestBeCognizant.testUserDetails" duration-ms="2951" status="PASS">
          <reporter-output>
          </reporter-output>
        </test-method> <!-- AroundCognizant -->
        <test-method signature="seeAllNaviagtion()[pri:4, instance:testCases.TestBeCognizant@65d09a04]" started-at="2024-04-30T16:20:01 IST" name="seeAllNaviagtion" finished-at="2024-04-30T16:20:04 IST" duration-ms="2940" status="PASS">
          <reporter-output>
          </reporter-output>
        </test-method> <!-- seeAllNaviagtion -->
        <test-method signature="seeAllNewsHeader()[pri:5, instance:testCases.TestBeCognizant@65d09a04]" started-at="2024-04-30T16:20:04 IST" name="seeAllNewsHeader" finished-at="2024-04-30T16:20:57 IST" duration-ms="52900" status="PASS">
          <reporter-output>
          </reporter-output>
        </test-method> <!-- seeAllNewsHeader -->
        <test-method is-config="true" signature="tearDown()[pri:0, instance:testCases.TestBeCognizant@65d09a04]" started-at="2024-04-30T16:20:57 IST" name="tearDown" finished-at="2024-04-30T16:21:08 IST" duration-ms="11117" status="PASS">
          <reporter-output>
          </reporter-output>
        </test-method> <!-- tearDown -->
      </class> <!-- testCases.TestBeCognizant -->
    </test> <!-- TestonEdge -->
  </suite> <!-- Suite -->
</testng-results>
