<?xml version="1.0" encoding="UTF-8"?>
<!-- Generated by org.testng.reporters.JUnitXMLReporter -->
<testsuite ignored="0" hostname="LTIN520502" failures="0" tests="5" name="TestonChrome" time="92.032" errors="0" timestamp="2024-04-30T16:21:06 IST">
  <testcase classname="testCases.TestBeCognizant" name="testUser" time="6.296"/>
  <testcase classname="testCases.TestBeCognizant" name="testUserDetails" time="5.434"/>
  <testcase classname="testCases.TestBeCognizant" name="AroundCognizant" time="2.902"/>
  <testcase classname="testCases.TestBeCognizant" name="seeAllNaviagtion" time="2.417"/>
  <testcase classname="testCases.TestBeCognizant" name="seeAllNewsHeader" time="52.582"/>
</testsuite> <!-- TestonChrome -->
