<?xml version="1.0" encoding="UTF-8"?>
<!-- Generated by org.testng.reporters.JUnitXMLReporter -->
<testsuite ignored="0" hostname="LTIN520502" failures="0" tests="5" name="TestonEdge" time="94.535" errors="0" timestamp="2024-04-30T16:21:08 IST">
  <testcase classname="testCases.TestBeCognizant" name="testUser" time="6.814"/>
  <testcase classname="testCases.TestBeCognizant" name="testUserDetails" time="5.442"/>
  <testcase classname="testCases.TestBeCognizant" name="AroundCognizant" time="2.951"/>
  <testcase classname="testCases.TestBeCognizant" name="seeAllNaviagtion" time="2.94"/>
  <testcase classname="testCases.TestBeCognizant" name="seeAllNewsHeader" time="52.9"/>
</testsuite> <!-- TestonEdge -->
